[2024-08-24 01:54:36,986: INFO: main: Welcome to my custom log]
[2024-08-25 16:30:41,956: INFO: common: yaml file: config\config.yaml loaded successfully]
[2024-08-25 16:30:41,964: INFO: common: yaml file: params.yaml loaded successfully]
[2024-08-25 16:34:12,891: INFO: common: yaml file: config\config.yaml loaded successfully]
[2024-08-25 16:34:12,893: INFO: common: yaml file: params.yaml loaded successfully]
[2024-08-25 16:34:49,198: INFO: common: yaml file: config\config.yaml loaded successfully]
[2024-08-25 16:34:49,199: INFO: common: yaml file: params.yaml loaded successfully]
[2024-08-25 16:40:01,099: INFO: common: yaml file: G:\Chicken-disease-classification\config\config.yaml loaded successfully]
[2024-08-25 16:41:54,809: INFO: common: yaml file: config\config.yaml loaded successfully]
[2024-08-25 16:41:54,812: INFO: common: yaml file: params.yaml loaded successfully]
[2024-08-25 16:41:55,830: INFO: common: yaml file: config\config.yaml loaded successfully]
[2024-08-25 16:41:55,832: INFO: common: yaml file: params.yaml loaded successfully]
[2024-08-25 19:09:18,664: INFO: common: yaml file: config\config.yaml loaded successfully]
[2024-08-25 19:09:18,671: INFO: common: yaml file: params.yaml loaded successfully]
[2024-08-25 19:20:57,943: INFO: common: yaml file: config\config.yaml loaded successfully]
[2024-08-25 19:20:57,946: INFO: common: yaml file: params.yaml loaded successfully]
[2024-08-25 19:21:50,166: INFO: common: yaml file: config\config.yaml loaded successfully]
[2024-08-25 19:21:50,168: INFO: common: yaml file: params.yaml loaded successfully]
[2024-08-25 19:21:59,032: INFO: common: yaml file: config\config.yaml loaded successfully]
[2024-08-25 19:21:59,034: INFO: common: yaml file: params.yaml loaded successfully]
[2024-08-25 19:23:23,230: INFO: common: yaml file: config\config.yaml loaded successfully]
[2024-08-25 19:23:23,231: INFO: common: yaml file: params.yaml loaded successfully]
[2024-08-25 19:31:04,330: INFO: common: yaml file: config\config.yaml loaded successfully]
[2024-08-25 19:31:04,332: INFO: common: yaml file: params.yaml loaded successfully]
[2024-08-25 19:33:42,105: INFO: common: yaml file: config\config.yaml loaded successfully]
[2024-08-25 19:33:42,115: INFO: common: yaml file: params.yaml loaded successfully]
[2024-08-25 19:33:42,121: INFO: common: created directory at: artifacts]
[2024-08-25 19:38:51,907: INFO: common: yaml file: config\config.yaml loaded successfully]
[2024-08-25 19:38:51,911: INFO: common: yaml file: params.yaml loaded successfully]
[2024-08-25 19:38:51,912: INFO: common: created directory at: artifacts]
[2024-08-26 18:24:06,467: INFO: common: yaml file: config\config.yaml loaded successfully]
[2024-08-26 18:24:06,477: INFO: common: yaml file: params.yaml loaded successfully]
[2024-08-26 18:24:06,479: INFO: common: created directory at: artifacts]
[2024-08-26 18:28:12,269: INFO: common: yaml file: config\config.yaml loaded successfully]
[2024-08-26 18:28:12,272: INFO: common: yaml file: params.yaml loaded successfully]
[2024-08-26 18:28:12,274: INFO: common: created directory at: artifacts]
